<?xml version="1.0" encoding="UTF-8"?>
<coverage generated="1721576252">
  <project timestamp="1721576252">
    <file name="/Users/bnomei/Sites/kirby3-janitor/classes/Janitor.php">
      <class name="Bnomei\Janitor" namespace="global">
        <metrics complexity="46" methods="12" coveredmethods="12" conditionals="0" coveredconditionals="0" statements="95" coveredstatements="95" elements="107" coveredelements="107"/>
      </class>
      <line num="56" type="method" name="data" visibility="public" complexity="2" crap="2" count="3"/>
      <line num="58" type="stmt" count="3"/>
      <line num="59" type="stmt" count="3"/>
      <line num="62" type="stmt" count="3"/>
      <line num="67" type="method" name="__construct" visibility="public" complexity="4" crap="4" count="7"/>
      <line num="69" type="stmt" count="7"/>
      <line num="70" type="stmt" count="7"/>
      <line num="71" type="stmt" count="7"/>
      <line num="72" type="stmt" count="7"/>
      <line num="73" type="stmt" count="7"/>
      <line num="75" type="stmt" count="7"/>
      <line num="76" type="stmt" count="7"/>
      <line num="77" type="stmt" count="1"/>
      <line num="82" type="method" name="option" visibility="public" complexity="2" crap="2" count="1"/>
      <line num="84" type="stmt" count="1"/>
      <line num="85" type="stmt" count="1"/>
      <line num="88" type="stmt" count="1"/>
      <line num="91" type="method" name="command" visibility="public" complexity="1" crap="1" count="3"/>
      <line num="93" type="stmt" count="3"/>
      <line num="94" type="stmt" count="3"/>
      <line num="96" type="stmt" count="3"/>
      <line num="98" type="stmt" count="3"/>
      <line num="99" type="stmt" count="3"/>
      <line num="100" type="stmt" count="3"/>
      <line num="104" type="method" name="model" visibility="public" complexity="1" crap="1" count="1"/>
      <line num="106" type="stmt" count="1"/>
      <line num="111" type="method" name="singleton" visibility="public" complexity="2" crap="2" count="4"/>
      <line num="113" type="stmt" count="4"/>
      <line num="114" type="stmt" count="4"/>
      <line num="117" type="stmt" count="1"/>
      <line num="119" type="stmt" count="1"/>
      <line num="122" type="method" name="isTrue" visibility="public" complexity="4" crap="4" count="1"/>
      <line num="124" type="stmt" count="1"/>
      <line num="126" type="stmt" count="1"/>
      <line num="134" type="method" name="parseCommand" visibility="public" complexity="2" crap="2" count="4"/>
      <line num="136" type="stmt" count="4"/>
      <line num="137" type="stmt" count="4"/>
      <line num="138" type="stmt" count="4"/>
      <line num="139" type="stmt" count="4"/>
      <line num="140" type="stmt" count="4"/>
      <line num="142" type="stmt" count="4"/>
      <line num="143" type="stmt" count="4"/>
      <line num="144" type="stmt" count="4"/>
      <line num="147" type="stmt" count="4"/>
      <line num="150" type="stmt" count="4"/>
      <line num="153" type="method" name="query" visibility="public" complexity="7" crap="7" count="3"/>
      <line num="156" type="stmt" count="3"/>
      <line num="157" type="stmt" count="1"/>
      <line num="160" type="stmt" count="3"/>
      <line num="161" type="stmt" count="3"/>
      <line num="162" type="stmt" count="3"/>
      <line num="163" type="stmt" count="3"/>
      <line num="164" type="stmt" count="3"/>
      <line num="165" type="stmt" count="2"/>
      <line num="166" type="stmt" count="2"/>
      <line num="167" type="stmt" count="1"/>
      <line num="168" type="stmt" count="2"/>
      <line num="169" type="stmt" count="1"/>
      <line num="170" type="stmt" count="2"/>
      <line num="171" type="stmt" count="1"/>
      <line num="174" type="stmt" count="3"/>
      <line num="175" type="stmt" count="3"/>
      <line num="176" type="stmt" count="3"/>
      <line num="177" type="stmt" count="3"/>
      <line num="178" type="stmt" count="3"/>
      <line num="179" type="stmt" count="3"/>
      <line num="180" type="stmt" count="3"/>
      <line num="181" type="stmt" count="3"/>
      <line num="184" type="method" name="requestBlockedByMaintenance" visibility="public" complexity="6" crap="6" count="1"/>
      <line num="186" type="stmt" count="1"/>
      <line num="187" type="stmt" count="1"/>
      <line num="188" type="stmt" count="1"/>
      <line num="189" type="stmt" count="1"/>
      <line num="190" type="stmt" count="1"/>
      <line num="191" type="stmt" count="1"/>
      <line num="192" type="stmt" count="1"/>
      <line num="193" type="stmt" count="1"/>
      <line num="197" type="stmt" count="1"/>
      <line num="198" type="stmt" count="1"/>
      <line num="202" type="stmt" count="1"/>
      <line num="205" type="method" name="resolveModel" visibility="public" complexity="9" crap="9" count="2"/>
      <line num="207" type="stmt" count="2"/>
      <line num="208" type="stmt" count="2"/>
      <line num="209" type="stmt" count="1"/>
      <line num="210" type="stmt" count="1"/>
      <line num="211" type="stmt" count="1"/>
      <line num="212" type="stmt" count="1"/>
      <line num="213" type="stmt" count="1"/>
      <line num="214" type="stmt" count="1"/>
      <line num="217" type="stmt" count="1"/>
      <line num="218" type="stmt" count="1"/>
      <line num="219" type="stmt" count="1"/>
      <line num="223" type="stmt" count="1"/>
      <line num="226" type="method" name="resolveQueriesInCommand" visibility="public" complexity="6" crap="6" count="4"/>
      <line num="228" type="stmt" count="4"/>
      <line num="229" type="stmt" count="4"/>
      <line num="231" type="stmt" count="4"/>
      <line num="232" type="stmt" count="1"/>
      <line num="233" type="stmt" count="1"/>
      <line num="236" type="stmt" count="1"/>
      <line num="239" type="stmt" count="4"/>
      <line num="242" type="stmt" count="4"/>
      <line num="243" type="stmt" count="4"/>
      <line num="244" type="stmt" count="2"/>
      <line num="247" type="stmt" count="4"/>
      <line num="248" type="stmt" count="4"/>
      <line num="250" type="stmt" count="4"/>
      <metrics loc="253" ncloc="239" classes="1" methods="12" coveredmethods="12" conditionals="0" coveredconditionals="0" statements="95" coveredstatements="95" elements="107" coveredelements="107"/>
    </file>
    <metrics files="1" loc="253" ncloc="239" classes="1" methods="12" coveredmethods="12" conditionals="0" coveredconditionals="0" statements="95" coveredstatements="95" elements="107" coveredelements="107"/>
  </project>
</coverage>
